0 info it worked if it ends with ok
1 verbose cli [ '/usr/bin/node', '/usr/bin/npm', 'install', 'forever', '-g' ]
2 info using npm@2.14.12
3 info using node@v0.10.29
4 verbose node symlink /usr/bin/node
5 verbose install initial load of /usr/lib/package.json
6 verbose readDependencies loading dependencies from /usr/lib/package.json
7 silly cache add args [ 'forever', null ]
8 verbose cache add spec forever
9 silly cache add parsed spec { raw: 'forever',
9 silly cache add   scope: null,
9 silly cache add   name: 'forever',
9 silly cache add   rawSpec: '',
9 silly cache add   spec: 'latest',
9 silly cache add   type: 'tag' }
10 silly addNamed forever@latest
11 verbose addNamed "latest" is being treated as a dist-tag for forever
12 info addNameTag [ 'forever', 'latest' ]
13 silly mapToRegistry name forever
14 silly mapToRegistry using default registry
15 silly mapToRegistry registry https://registry.npmjs.org/
16 silly mapToRegistry uri https://registry.npmjs.org/forever
17 verbose addNameTag registry:https://registry.npmjs.org/forever not in flight; fetching
18 verbose request uri https://registry.npmjs.org/forever
19 verbose request no auth needed
20 info attempt registry request try #1 at 00:59:19
21 verbose request id cb91f183c2ea02d1
22 http request GET https://registry.npmjs.org/forever
23 http 200 https://registry.npmjs.org/forever
24 verbose headers { server: 'nginx/1.10.1',
24 verbose headers   'content-type': 'application/json',
24 verbose headers   'last-modified': 'Fri, 31 Mar 2017 21:46:03 GMT',
24 verbose headers   etag: 'W/"58dece1b-16a57"',
24 verbose headers   'content-encoding': 'gzip',
24 verbose headers   'cache-control': 'max-age=300',
24 verbose headers   'content-length': '14187',
24 verbose headers   'accept-ranges': 'bytes',
24 verbose headers   date: 'Sat, 01 Apr 2017 00:59:19 GMT',
24 verbose headers   via: '1.1 varnish',
24 verbose headers   age: '0',
24 verbose headers   connection: 'keep-alive',
24 verbose headers   'x-served-by': 'cache-akl1423-AKL',
24 verbose headers   'x-cache': 'MISS',
24 verbose headers   'x-cache-hits': '0',
24 verbose headers   'x-timer': 'S1491008359.948388,VS0,VE51',
24 verbose headers   vary: 'Accept-Encoding' }
25 silly get cb [ 200,
25 silly get   { server: 'nginx/1.10.1',
25 silly get     'content-type': 'application/json',
25 silly get     'last-modified': 'Fri, 31 Mar 2017 21:46:03 GMT',
25 silly get     etag: 'W/"58dece1b-16a57"',
25 silly get     'content-encoding': 'gzip',
25 silly get     'cache-control': 'max-age=300',
25 silly get     'content-length': '14187',
25 silly get     'accept-ranges': 'bytes',
25 silly get     date: 'Sat, 01 Apr 2017 00:59:19 GMT',
25 silly get     via: '1.1 varnish',
25 silly get     age: '0',
25 silly get     connection: 'keep-alive',
25 silly get     'x-served-by': 'cache-akl1423-AKL',
25 silly get     'x-cache': 'MISS',
25 silly get     'x-cache-hits': '0',
25 silly get     'x-timer': 'S1491008359.948388,VS0,VE51',
25 silly get     vary: 'Accept-Encoding' } ]
26 verbose get saving forever to /home/pi/.npm/registry.npmjs.org/forever/.cache.json
27 silly addNameTag next cb for forever with tag latest
28 silly addNamed forever@0.15.3
29 verbose addNamed "0.15.3" is a plain semver version for forever
30 silly mapToRegistry name forever
31 silly mapToRegistry using default registry
32 silly mapToRegistry registry https://registry.npmjs.org/
33 silly mapToRegistry uri https://registry.npmjs.org/forever
34 verbose addRemoteTarball https://registry.npmjs.org/forever/-/forever-0.15.3.tgz not in flight; adding
35 verbose addRemoteTarball [ 'https://registry.npmjs.org/forever/-/forever-0.15.3.tgz',
35 verbose addRemoteTarball   '77d9d7e15fd2f511ad9d84a110c7dd8fc8ecebc2' ]
36 info retry fetch attempt 1 at 00:59:20
37 info attempt registry request try #1 at 00:59:20
38 http fetch GET https://registry.npmjs.org/forever/-/forever-0.15.3.tgz
39 http fetch 200 https://registry.npmjs.org/forever/-/forever-0.15.3.tgz
40 silly fetchAndShaCheck shasum 77d9d7e15fd2f511ad9d84a110c7dd8fc8ecebc2
41 verbose addTmpTarball /tmp/npm-26781-afab57d2/registry.npmjs.org/forever/-/forever-0.15.3.tgz not in flight; adding
42 verbose addTmpTarball already have metadata; skipping unpack for forever@0.15.3
43 silly cache afterAdd forever@0.15.3
44 verbose afterAdd /home/pi/.npm/forever/0.15.3/package/package.json not in flight; writing
45 verbose afterAdd /home/pi/.npm/forever/0.15.3/package/package.json written
46 silly install resolved [ { name: 'forever',
46 silly install resolved     preferGlobal: 'true',
46 silly install resolved     description: 'A simple CLI tool for ensuring that a given node script runs continuously (i.e. forever)',
46 silly install resolved     version: '0.15.3',
46 silly install resolved     author: { name: 'Charlie Robbins', email: 'charlie.robbins@gmail.com' },
46 silly install resolved     maintainers: [ [Object], [Object], [Object], [Object], [Object] ],
46 silly install resolved     repository:
46 silly install resolved      { type: 'git',
46 silly install resolved        url: 'git+https://github.com/foreverjs/forever.git' },
46 silly install resolved     keywords: [ 'cli', 'fault tolerant', 'sysadmin', 'tools' ],
46 silly install resolved     dependencies:
46 silly install resolved      { cliff: '~0.1.9',
46 silly install resolved        clone: '^1.0.2',
46 silly install resolved        colors: '~0.6.2',
46 silly install resolved        flatiron: '~0.4.2',
46 silly install resolved        'forever-monitor': '~1.7.0',
46 silly install resolved        nconf: '~0.6.9',
46 silly install resolved        nssocket: '~0.5.1',
46 silly install resolved        'object-assign': '^3.0.0',
46 silly install resolved        optimist: '~0.6.0',
46 silly install resolved        'path-is-absolute': '~1.0.0',
46 silly install resolved        prettyjson: '^1.1.2',
46 silly install resolved        shush: '^1.0.0',
46 silly install resolved        timespan: '~2.3.0',
46 silly install resolved        utile: '~0.2.1',
46 silly install resolved        winston: '~0.8.1' },
46 silly install resolved     devDependencies:
46 silly install resolved      { broadway: '~0.3.6',
46 silly install resolved        eventemitter2: '0.4.x',
46 silly install resolved        request: '2.x.x',
46 silly install resolved        vows: '0.7.x' },
46 silly install resolved     bin: { forever: './bin/forever' },
46 silly install resolved     main: './lib/forever',
46 silly install resolved     scripts: { test: 'vows test/**/*-test.js --spec -i' },
46 silly install resolved     engines: { node: '>= 0.8.x' },
46 silly install resolved     license: 'MIT',
46 silly install resolved     gitHead: '3aa17a1088eb812eb03b49219e329fb4a48b4dfc',
46 silly install resolved     bugs: { url: 'https://github.com/foreverjs/forever/issues' },
46 silly install resolved     homepage: 'https://github.com/foreverjs/forever#readme',
46 silly install resolved     _id: 'forever@0.15.3',
46 silly install resolved     _shasum: '77d9d7e15fd2f511ad9d84a110c7dd8fc8ecebc2',
46 silly install resolved     _from: 'forever@latest',
46 silly install resolved     _npmVersion: '3.9.0',
46 silly install resolved     _nodeVersion: '4.4.4',
46 silly install resolved     _npmUser: { name: 'indexzero', email: 'charlie.robbins@gmail.com' },
46 silly install resolved     dist:
46 silly install resolved      { shasum: '77d9d7e15fd2f511ad9d84a110c7dd8fc8ecebc2',
46 silly install resolved        tarball: 'https://registry.npmjs.org/forever/-/forever-0.15.3.tgz' },
46 silly install resolved     _npmOperationalInternal:
46 silly install resolved      { host: 'packages-12-west.internal.npmjs.com',
46 silly install resolved        tmp: 'tmp/forever-0.15.3.tgz_1478059216830_0.24848884833045304' },
46 silly install resolved     directories: {},
46 silly install resolved     _resolved: 'https://registry.npmjs.org/forever/-/forever-0.15.3.tgz' } ]
47 info install forever@0.15.3 into /usr/lib
48 info installOne forever@0.15.3
49 verbose installOne of forever to /usr/lib not in flight; installing
50 verbose lock using /home/pi/.npm/_locks/forever-489122e4731fc537.lock for /usr/lib/node_modules/forever
51 silly install write writing forever 0.15.3 to /usr/lib/node_modules/forever
52 verbose unbuild lib/node_modules/forever
53 silly gentlyRm /usr/lib/node_modules/forever is being purged from base /usr
54 verbose gentlyRm don't care about contents; nuking /usr/lib/node_modules/forever
55 verbose tar unpack /home/pi/.npm/forever/0.15.3/package.tgz
56 verbose tar unpacking to /usr/lib/node_modules/forever
57 silly gentlyRm /usr/lib/node_modules/forever is being purged
58 verbose gentlyRm don't care about contents; nuking /usr/lib/node_modules/forever
59 silly gunzTarPerm modes [ '755', '644' ]
60 error tar.unpack untar error /home/pi/.npm/forever/0.15.3/package.tgz
61 verbose unlock done using /home/pi/.npm/_locks/forever-489122e4731fc537.lock for /usr/lib/node_modules/forever
62 verbose fstream_path /usr/lib/node_modules/forever
63 verbose fstream_type Directory
64 verbose fstream_class DirWriter
65 verbose stack Error: EACCES, mkdir '/usr/lib/node_modules/forever'
66 verbose fstream_stack /opt/nodejs/lib/node_modules/npm/node_modules/fstream/lib/dir-writer.js:35:25
66 verbose fstream_stack /opt/nodejs/lib/node_modules/npm/node_modules/mkdirp/index.js:47:53
66 verbose fstream_stack Object.oncomplete (fs.js:107:15)
67 verbose cwd /home/pi/Cheerful
68 error Linux 4.4.13+
69 error argv "/usr/bin/node" "/usr/bin/npm" "install" "forever" "-g"
70 error node v0.10.29
71 error npm  v2.14.12
72 error path /usr/lib/node_modules/forever
73 error code EACCES
74 error errno 3
75 error Error: EACCES, mkdir '/usr/lib/node_modules/forever'
75 error  { [Error: EACCES, mkdir '/usr/lib/node_modules/forever']
75 error   errno: 3,
75 error   code: 'EACCES',
75 error   path: '/usr/lib/node_modules/forever',
75 error   fstream_type: 'Directory',
75 error   fstream_path: '/usr/lib/node_modules/forever',
75 error   fstream_class: 'DirWriter',
75 error   fstream_stack:
75 error    [ '/opt/nodejs/lib/node_modules/npm/node_modules/fstream/lib/dir-writer.js:35:25',
75 error      '/opt/nodejs/lib/node_modules/npm/node_modules/mkdirp/index.js:47:53',
75 error      'Object.oncomplete (fs.js:107:15)' ] }
76 error Please try running this command again as root/Administrator.
77 verbose exit [ 3, true ]
78 verbose unbuild lib/node_modules/forever
79 silly gentlyRm /usr/lib/node_modules/forever is being purged from base /usr
80 verbose gentlyRm don't care about contents; nuking /usr/lib/node_modules/forever
